{"level":"info","time":"2024-01-11T16:08:45.470769079Z","caller":"logger/logger.go:41","msg":"Setting default log level to :\"PRODUCTION\""}
{"level":"info","time":"2024-01-11T16:08:45.471659775Z","caller":"vsphere-csi/main.go:52","msg":"Version : v3.0.0","TraceId":"1c2a21bd-595d-43e8-ba44-7cfb66e02b11"}
{"level":"info","time":"2024-01-11T16:08:45.47431496Z","caller":"logger/logger.go:41","msg":"Setting default log level to :\"PRODUCTION\""}
{"level":"info","time":"2024-01-11T16:08:45.474679123Z","caller":"k8sorchestrator/k8sorchestrator.go:251","msg":"Initializing k8sOrchestratorInstance","TraceId":"1c2a21bd-595d-43e8-ba44-7cfb66e02b11","TraceId":"97403c95-0a0f-4fe5-b395-c81721e24750"}
{"level":"info","time":"2024-01-11T16:08:45.474966043Z","caller":"kubernetes/kubernetes.go:86","msg":"k8s client using in-cluster config","TraceId":"1c2a21bd-595d-43e8-ba44-7cfb66e02b11","TraceId":"97403c95-0a0f-4fe5-b395-c81721e24750"}
{"level":"info","time":"2024-01-11T16:08:45.475619042Z","caller":"kubernetes/kubernetes.go:395","msg":"Setting client QPS to 100.000000 and Burst to 100.","TraceId":"1c2a21bd-595d-43e8-ba44-7cfb66e02b11","TraceId":"97403c95-0a0f-4fe5-b395-c81721e24750"}
{"level":"info","time":"2024-01-11T16:08:45.476688914Z","caller":"kubernetes/kubernetes.go:86","msg":"k8s client using in-cluster config","TraceId":"1c2a21bd-595d-43e8-ba44-7cfb66e02b11","TraceId":"97403c95-0a0f-4fe5-b395-c81721e24750"}
{"level":"info","time":"2024-01-11T16:08:45.477251679Z","caller":"kubernetes/kubernetes.go:395","msg":"Setting client QPS to 100.000000 and Burst to 100.","TraceId":"1c2a21bd-595d-43e8-ba44-7cfb66e02b11","TraceId":"97403c95-0a0f-4fe5-b395-c81721e24750"}
{"level":"info","time":"2024-01-11T16:08:45.478383897Z","caller":"kubernetes/informers.go:85","msg":"Created new informer factory for in-cluster client","TraceId":"1c2a21bd-595d-43e8-ba44-7cfb66e02b11","TraceId":"97403c95-0a0f-4fe5-b395-c81721e24750"}
{"level":"info","time":"2024-01-11T16:08:45.493917861Z","caller":"k8sorchestrator/k8sorchestrator.go:407","msg":"New internal feature states values stored successfully: map[async-query-volume:true block-volume-snapshot:true cnsmgr-suspend-create-volume:true csi-auth-check:true csi-internal-generated-cluster-id:true csi-migration:true csi-windows-support:true list-volumes:true listview-tasks:false max-pvscsi-targets-per-vm:true multi-vcenter-csi-topology:true online-volume-extend:true pv-to-backingdiskobjectid-mapping:false topology-preferential-datastores:true trigger-csi-fullsync:false use-csinode-id:true]","TraceId":"1c2a21bd-595d-43e8-ba44-7cfb66e02b11","TraceId":"97403c95-0a0f-4fe5-b395-c81721e24750"}
{"level":"info","time":"2024-01-11T16:08:45.494444456Z","caller":"k8sorchestrator/k8sorchestrator.go:322","msg":"k8sOrchestratorInstance initialized","TraceId":"1c2a21bd-595d-43e8-ba44-7cfb66e02b11","TraceId":"97403c95-0a0f-4fe5-b395-c81721e24750"}
{"level":"info","time":"2024-01-11T16:08:45.509219074Z","caller":"k8sorchestrator/k8sorchestrator.go:644","msg":"configMapAdded: Internal feature state values from \"internal-feature-states.csi.vsphere.vmware.com\" stored successfully: map[async-query-volume:true block-volume-snapshot:true cnsmgr-suspend-create-volume:true csi-auth-check:true csi-internal-generated-cluster-id:true csi-migration:true csi-windows-support:true list-volumes:true listview-tasks:false max-pvscsi-targets-per-vm:true multi-vcenter-csi-topology:true online-volume-extend:true pv-to-backingdiskobjectid-mapping:false topology-preferential-datastores:true trigger-csi-fullsync:false use-csinode-id:true]","TraceId":"518506cd-726a-449a-89bb-c37362142003"}
{"level":"info","time":"2024-01-11T16:08:45.55685364Z","caller":"config/config.go:404","msg":"No Net Permissions given in Config. Using default permissions.","TraceId":"1c2a21bd-595d-43e8-ba44-7cfb66e02b11","TraceId":"97403c95-0a0f-4fe5-b395-c81721e24750"}
{"level":"info","time":"2024-01-11T16:08:45.575679806Z","caller":"vanilla/controller.go:117","msg":"Initializing CNS controller","TraceId":"6a12b41a-c43f-4a0a-8c51-2cbfd8fd7fd5"}
{"level":"info","time":"2024-01-11T16:08:45.575779538Z","caller":"cnsvolumeoperationrequest/cnsvolumeoperationrequest.go:90","msg":"Creating CnsVolumeOperationRequest definition on API server and initializing VolumeOperationRequest instance","TraceId":"6a12b41a-c43f-4a0a-8c51-2cbfd8fd7fd5"}
{"level":"info","time":"2024-01-11T16:08:45.581348131Z","caller":"kubernetes/kubernetes.go:86","msg":"k8s client using in-cluster config","TraceId":"6a12b41a-c43f-4a0a-8c51-2cbfd8fd7fd5"}
{"level":"info","time":"2024-01-11T16:08:45.58228905Z","caller":"kubernetes/kubernetes.go:395","msg":"Setting client QPS to 100.000000 and Burst to 100.","TraceId":"6a12b41a-c43f-4a0a-8c51-2cbfd8fd7fd5"}
{"level":"info","time":"2024-01-11T16:08:45.630655584Z","caller":"kubernetes/kubernetes.go:486","msg":"\"cnsvolumeoperationrequests.cns.vmware.com\" CRD updated successfully","TraceId":"6a12b41a-c43f-4a0a-8c51-2cbfd8fd7fd5"}
{"level":"info","time":"2024-01-11T16:08:45.630713567Z","caller":"kubernetes/kubernetes.go:86","msg":"k8s client using in-cluster config","TraceId":"6a12b41a-c43f-4a0a-8c51-2cbfd8fd7fd5"}
{"level":"info","time":"2024-01-11T16:08:45.630914063Z","caller":"kubernetes/kubernetes.go:395","msg":"Setting client QPS to 100.000000 and Burst to 100.","TraceId":"6a12b41a-c43f-4a0a-8c51-2cbfd8fd7fd5"}
{"level":"info","time":"2024-01-11T16:08:45.669057887Z","caller":"vsphere/virtualcentermanager.go:74","msg":"Initializing defaultVirtualCenterManager...","TraceId":"6a12b41a-c43f-4a0a-8c51-2cbfd8fd7fd5"}
{"level":"info","time":"2024-01-11T16:08:45.669127951Z","caller":"vsphere/virtualcentermanager.go:76","msg":"Successfully initialized defaultVirtualCenterManager","TraceId":"6a12b41a-c43f-4a0a-8c51-2cbfd8fd7fd5"}
{"level":"info","time":"2024-01-11T16:08:45.66915178Z","caller":"vsphere/utils.go:265","msg":"Defaulting timeout for vCenter Client to 5 minutes","TraceId":"6a12b41a-c43f-4a0a-8c51-2cbfd8fd7fd5"}
{"level":"info","time":"2024-01-11T16:08:45.66918849Z","caller":"vsphere/virtualcenter.go:625","msg":"Initializing new vCenterInstance for vCenter \"192.168.169.181\"","TraceId":"6a12b41a-c43f-4a0a-8c51-2cbfd8fd7fd5"}
{"level":"info","time":"2024-01-11T16:08:45.669217541Z","caller":"vsphere/virtualcentermanager.go:123","msg":"Successfully registered VC 192.168.169.181:443","TraceId":"6a12b41a-c43f-4a0a-8c51-2cbfd8fd7fd5"}
{"level":"info","time":"2024-01-11T16:08:45.669245006Z","caller":"vsphere/virtualcenter.go:283","msg":"VirtualCenter.connect() creating new client","TraceId":"6a12b41a-c43f-4a0a-8c51-2cbfd8fd7fd5"}
{"level":"info","time":"2024-01-11T16:08:45.669843337Z","caller":"cnsvolumeoperationrequest/cnsvolumeoperationrequest.go:319","msg":"CnsVolumeOperationRequest clean up interval is set to 1440 minutes","TraceId":"79fb3844-af6d-40fc-a2c3-ab367c3fb914"}
{"level":"info","time":"2024-01-11T16:08:45.669886913Z","caller":"cnsvolumeoperationrequest/cnsvolumeoperationrequest.go:321","msg":"Cleaning up stale CnsVolumeOperationRequest instances.","TraceId":"79fb3844-af6d-40fc-a2c3-ab367c3fb914"}
{"level":"info","time":"2024-01-11T16:08:45.689985799Z","caller":"kubernetes/kubernetes.go:86","msg":"k8s client using in-cluster config","TraceId":"79fb3844-af6d-40fc-a2c3-ab367c3fb914"}
{"level":"info","time":"2024-01-11T16:08:45.694312556Z","caller":"kubernetes/kubernetes.go:395","msg":"Setting client QPS to 100.000000 and Burst to 100.","TraceId":"79fb3844-af6d-40fc-a2c3-ab367c3fb914"}
{"level":"info","time":"2024-01-11T16:08:45.702170006Z","caller":"kubernetes/kubernetes.go:86","msg":"k8s client using in-cluster config","TraceId":"79fb3844-af6d-40fc-a2c3-ab367c3fb914"}
{"level":"info","time":"2024-01-11T16:08:45.702598027Z","caller":"kubernetes/kubernetes.go:395","msg":"Setting client QPS to 100.000000 and Burst to 100.","TraceId":"79fb3844-af6d-40fc-a2c3-ab367c3fb914"}
{"level":"error","time":"2024-01-11T16:08:45.705962313Z","caller":"cnsvolumeoperationrequest/cnsvolumeoperationrequest.go:370","msg":"failed to list VolumeSnapshotContents with error the server could not find the requested resource (get volumesnapshotcontents.snapshot.storage.k8s.io). Abandoning CnsVolumeOperationRequests clean up ...","TraceId":"79fb3844-af6d-40fc-a2c3-ab367c3fb914","stacktrace":"sigs.k8s.io/vsphere-csi-driver/v3/pkg/internalapis/cnsvolumeoperationrequest.(*operationRequestStore).cleanupStaleInstances\n\t/build/pkg/internalapis/cnsvolumeoperationrequest/cnsvolumeoperationrequest.go:370"}
{"level":"info","time":"2024-01-11T16:08:45.747420417Z","caller":"vsphere/virtualcenter.go:202","msg":"New session ID for 'VZILLA.LOCAL\\Administrator' = 52f6804d-b396-6435-690e-e1e069dd609d","TraceId":"6a12b41a-c43f-4a0a-8c51-2cbfd8fd7fd5"}
{"level":"info","time":"2024-01-11T16:08:45.747739892Z","caller":"vsphere/virtualcenter.go:291","msg":"VirtualCenter.connect() successfully created new client","TraceId":"6a12b41a-c43f-4a0a-8c51-2cbfd8fd7fd5"}
{"level":"info","time":"2024-01-11T16:08:45.747895372Z","caller":"vsphere/virtualcenter.go:652","msg":"vCenterInstance for vCenter: \"192.168.169.181\" initialized","TraceId":"6a12b41a-c43f-4a0a-8c51-2cbfd8fd7fd5"}
{"level":"info","time":"2024-01-11T16:08:45.748047844Z","caller":"volume/manager.go:206","msg":"Initializing new defaultManager for vCenter: \"192.168.169.181\"","TraceId":"6a12b41a-c43f-4a0a-8c51-2cbfd8fd7fd5"}
{"level":"info","time":"2024-01-11T16:08:45.755291666Z","caller":"common/common_controller_helper.go:155","msg":"VC version detected as \"8.0.0.1\" satisfies minimum supported vcenter version 6.7.3.","TraceId":"6a12b41a-c43f-4a0a-8c51-2cbfd8fd7fd5"}
{"level":"info","time":"2024-01-11T16:08:45.755381181Z","caller":"vanilla/controller.go:261","msg":"CSIAuthCheck feature is enabled, loading AuthorizationService","TraceId":"6a12b41a-c43f-4a0a-8c51-2cbfd8fd7fd5"}
{"level":"info","time":"2024-01-11T16:08:45.755429029Z","caller":"common/authmanager.go:102","msg":"Initializing authorization service...","TraceId":"6a12b41a-c43f-4a0a-8c51-2cbfd8fd7fd5"}
{"level":"info","time":"2024-01-11T16:08:45.755457818Z","caller":"common/authmanager.go:114","msg":"authorization service initialized","TraceId":"6a12b41a-c43f-4a0a-8c51-2cbfd8fd7fd5"}
{"level":"info","time":"2024-01-11T16:08:45.755521428Z","caller":"node/manager.go:91","msg":"Initializing node.defaultManager...","TraceId":"6a12b41a-c43f-4a0a-8c51-2cbfd8fd7fd5"}
{"level":"info","time":"2024-01-11T16:08:45.755547107Z","caller":"node/manager.go:95","msg":"node.defaultManager initialized","TraceId":"6a12b41a-c43f-4a0a-8c51-2cbfd8fd7fd5"}
{"level":"info","time":"2024-01-11T16:08:45.755584849Z","caller":"kubernetes/kubernetes.go:86","msg":"k8s client using in-cluster config","TraceId":"6a12b41a-c43f-4a0a-8c51-2cbfd8fd7fd5"}
{"level":"info","time":"2024-01-11T16:08:45.75588197Z","caller":"kubernetes/kubernetes.go:395","msg":"Setting client QPS to 100.000000 and Burst to 100.","TraceId":"6a12b41a-c43f-4a0a-8c51-2cbfd8fd7fd5"}
{"level":"info","time":"2024-01-11T16:08:45.756417583Z","caller":"vanilla/controller.go:345","msg":"Adding watch on path: \"/etc/cloud\"","TraceId":"6a12b41a-c43f-4a0a-8c51-2cbfd8fd7fd5"}
{"level":"info","time":"2024-01-11T16:08:45.756493849Z","caller":"vanilla/controller.go:361","msg":"CSI Migration Feature is Enabled. Loading Volume Migration Service","TraceId":"6a12b41a-c43f-4a0a-8c51-2cbfd8fd7fd5"}
{"level":"info","time":"2024-01-11T16:08:45.756533315Z","caller":"migration/migration.go:126","msg":"Initializing volume migration service...","TraceId":"6a12b41a-c43f-4a0a-8c51-2cbfd8fd7fd5"}
{"level":"info","time":"2024-01-11T16:08:45.760680823Z","caller":"common/authmanager.go:195","msg":"auth manager: ComputeDatastoreMapForBlockVolumes entered for vCenter \"192.168.169.181\""}
{"level":"info","time":"2024-01-11T16:08:45.761542994Z","caller":"kubernetes/kubernetes.go:86","msg":"k8s client using in-cluster config","TraceId":"6a12b41a-c43f-4a0a-8c51-2cbfd8fd7fd5"}
{"level":"info","time":"2024-01-11T16:08:45.761946246Z","caller":"kubernetes/kubernetes.go:395","msg":"Setting client QPS to 100.000000 and Burst to 100.","TraceId":"6a12b41a-c43f-4a0a-8c51-2cbfd8fd7fd5"}
{"level":"info","time":"2024-01-11T16:08:45.771622464Z","caller":"common/authmanager.go:207","msg":"auth manager: ComputeFSEnabledClustersToDsMap entered for vCenter \"192.168.169.181\""}
{"level":"warn","time":"2024-01-11T16:08:45.82052412Z","caller":"node/nodes.go:123","msg":"csiNodeAdd: nodeId is either empty. CSINode object: &CSINode{ObjectMeta:{talos-0ke-815    86134d3f-4040-494b-be29-e79c2a23323c 400 0 2024-01-11 12:59:04 +0000 UTC <nil> <nil> map[] map[storage.alpha.kubernetes.io/migrated-plugins:kubernetes.io/aws-ebs,kubernetes.io/azure-disk,kubernetes.io/azure-file,kubernetes.io/cinder,kubernetes.io/gce-pd] [{v1 Node talos-0ke-815 1c6c1315-03c0-4201-bb3f-02857c3b91d1 <nil> <nil>}] [] [{kubelet Update storage.k8s.io/v1 2024-01-11 12:59:04 +0000 UTC FieldsV1 {\"f:metadata\":{\"f:annotations\":{\".\":{},\"f:storage.alpha.kubernetes.io/migrated-plugins\":{}},\"f:ownerReferences\":{\".\":{},\"k:{\\\"uid\\\":\\\"1c6c1315-03c0-4201-bb3f-02857c3b91d1\\\"}\":{}}}} }]},Spec:CSINodeSpec{Drivers:[]CSINodeDriver{},},}","TraceId":"3922a0e4-1512-4d69-8a37-e1b96b16a5ca"}
{"level":"warn","time":"2024-01-11T16:08:45.824360779Z","caller":"node/nodes.go:123","msg":"csiNodeAdd: nodeId is either empty. CSINode object: &CSINode{ObjectMeta:{talos-d6v-b0k    8d7e0138-c1c0-4cf4-be61-4d19856a2d9f 371 0 2024-01-11 12:58:59 +0000 UTC <nil> <nil> map[] map[storage.alpha.kubernetes.io/migrated-plugins:kubernetes.io/aws-ebs,kubernetes.io/azure-disk,kubernetes.io/azure-file,kubernetes.io/cinder,kubernetes.io/gce-pd] [{v1 Node talos-d6v-b0k 5a32603f-1a15-41c0-a273-b88fc2578b25 <nil> <nil>}] [] [{kubelet Update storage.k8s.io/v1 2024-01-11 12:58:59 +0000 UTC FieldsV1 {\"f:metadata\":{\"f:annotations\":{\".\":{},\"f:storage.alpha.kubernetes.io/migrated-plugins\":{}},\"f:ownerReferences\":{\".\":{},\"k:{\\\"uid\\\":\\\"5a32603f-1a15-41c0-a273-b88fc2578b25\\\"}\":{}}}} }]},Spec:CSINodeSpec{Drivers:[]CSINodeDriver{},},}","TraceId":"87a5b00f-d583-4c6b-8714-9b30865c679e"}
{"level":"warn","time":"2024-01-11T16:08:45.827455893Z","caller":"node/nodes.go:123","msg":"csiNodeAdd: nodeId is either empty. CSINode object: &CSINode{ObjectMeta:{talos-db1-0l2    6abf3cfc-1efb-4a7d-8f55-2f8be2fd0bc5 492 0 2024-01-11 12:59:19 +0000 UTC <nil> <nil> map[] map[storage.alpha.kubernetes.io/migrated-plugins:kubernetes.io/aws-ebs,kubernetes.io/azure-disk,kubernetes.io/azure-file,kubernetes.io/cinder,kubernetes.io/gce-pd] [{v1 Node talos-db1-0l2 abd89586-eacb-4867-90aa-2a240fb9345c <nil> <nil>}] [] [{kubelet Update storage.k8s.io/v1 2024-01-11 12:59:19 +0000 UTC FieldsV1 {\"f:metadata\":{\"f:annotations\":{\".\":{},\"f:storage.alpha.kubernetes.io/migrated-plugins\":{}},\"f:ownerReferences\":{\".\":{},\"k:{\\\"uid\\\":\\\"abd89586-eacb-4867-90aa-2a240fb9345c\\\"}\":{}}}} }]},Spec:CSINodeSpec{Drivers:[]CSINodeDriver{},},}","TraceId":"ea25e6e3-35a3-44ad-be3b-56412c7ce60f"}
{"level":"warn","time":"2024-01-11T16:08:45.827728733Z","caller":"node/nodes.go:123","msg":"csiNodeAdd: nodeId is either empty. CSINode object: &CSINode{ObjectMeta:{talos-mzg-jyv    93abed24-27a1-4738-a68b-343cc05b14ff 458 0 2024-01-11 12:59:14 +0000 UTC <nil> <nil> map[] map[storage.alpha.kubernetes.io/migrated-plugins:kubernetes.io/aws-ebs,kubernetes.io/azure-disk,kubernetes.io/azure-file,kubernetes.io/cinder,kubernetes.io/gce-pd] [{v1 Node talos-mzg-jyv 90438e20-6107-47d1-878c-98c859f90df5 <nil> <nil>}] [] [{kubelet Update storage.k8s.io/v1 2024-01-11 12:59:14 +0000 UTC FieldsV1 {\"f:metadata\":{\"f:annotations\":{\".\":{},\"f:storage.alpha.kubernetes.io/migrated-plugins\":{}},\"f:ownerReferences\":{\".\":{},\"k:{\\\"uid\\\":\\\"90438e20-6107-47d1-878c-98c859f90df5\\\"}\":{}}}} }]},Spec:CSINodeSpec{Drivers:[]CSINodeDriver{},},}","TraceId":"c5fb808c-8027-4bcb-8d83-12a3fe0a1db8"}
{"level":"warn","time":"2024-01-11T16:08:45.828075486Z","caller":"node/nodes.go:123","msg":"csiNodeAdd: nodeId is either empty. CSINode object: &CSINode{ObjectMeta:{talos-q6z-ucy    c8678d6c-f3c2-49d9-9368-b9adf28467b2 460 0 2024-01-11 12:59:15 +0000 UTC <nil> <nil> map[] map[storage.alpha.kubernetes.io/migrated-plugins:kubernetes.io/aws-ebs,kubernetes.io/azure-disk,kubernetes.io/azure-file,kubernetes.io/cinder,kubernetes.io/gce-pd] [{v1 Node talos-q6z-ucy 644e1356-d79a-45ef-aca2-27322be85adc <nil> <nil>}] [] [{kubelet Update storage.k8s.io/v1 2024-01-11 12:59:15 +0000 UTC FieldsV1 {\"f:metadata\":{\"f:annotations\":{\".\":{},\"f:storage.alpha.kubernetes.io/migrated-plugins\":{}},\"f:ownerReferences\":{\".\":{},\"k:{\\\"uid\\\":\\\"644e1356-d79a-45ef-aca2-27322be85adc\\\"}\":{}}}} }]},Spec:CSINodeSpec{Drivers:[]CSINodeDriver{},},}","TraceId":"f805896c-98c6-46cf-b430-68f24ef2c329"}
{"level":"info","time":"2024-01-11T16:08:45.845940563Z","caller":"kubernetes/kubernetes.go:486","msg":"\"cnsvspherevolumemigrations.cns.vmware.com\" CRD updated successfully","TraceId":"6a12b41a-c43f-4a0a-8c51-2cbfd8fd7fd5"}
{"level":"info","time":"2024-01-11T16:08:45.84601667Z","caller":"kubernetes/kubernetes.go:86","msg":"k8s client using in-cluster config","TraceId":"6a12b41a-c43f-4a0a-8c51-2cbfd8fd7fd5"}
{"level":"info","time":"2024-01-11T16:08:45.846340661Z","caller":"kubernetes/kubernetes.go:395","msg":"Setting client QPS to 100.000000 and Burst to 100.","TraceId":"6a12b41a-c43f-4a0a-8c51-2cbfd8fd7fd5"}
{"level":"info","time":"2024-01-11T16:08:45.858043718Z","caller":"common/authmanager.go:275","msg":"No vSAN datastores found for vCenter \"192.168.169.181\"","TraceId":"db780749-e59d-4720-a14f-9f726098e1b2"}
{"level":"info","time":"2024-01-11T16:08:45.858399156Z","caller":"common/authmanager.go:183","msg":"auth manager: newFsEnabledClusterToDsMap is updated to map[] for vCenter \"192.168.169.181\"","TraceId":"db780749-e59d-4720-a14f-9f726098e1b2"}
{"level":"info","time":"2024-01-11T16:08:45.876677011Z","caller":"common/authmanager.go:163","msg":"auth manager: datastoreMapForBlockVolumes is updated to map[ds:///vmfs/volumes/02af1182-7660f970/:Datastore: Datastore:datastore-5027, datastore URL: ds:///vmfs/volumes/02af1182-7660f970/ ds:///vmfs/volumes/203747f8-c8b69fd1/:Datastore: Datastore:datastore-9019, datastore URL: ds:///vmfs/volumes/203747f8-c8b69fd1/ ds:///vmfs/volumes/63a1710b-5d920bba-424b-31e949ff6613/:Datastore: Datastore:datastore-25, datastore URL: ds:///vmfs/volumes/63a1710b-5d920bba-424b-31e949ff6613/ ds:///vmfs/volumes/63ddad93-e5c71842-4448-31e949ff6613/:Datastore: Datastore:datastore-4012, datastore URL: ds:///vmfs/volumes/63ddad93-e5c71842-4448-31e949ff6613/] for vCenter \"192.168.169.181\"","TraceId":"e149bbb0-dce6-4c1d-ae5a-4a082b13d38a"}
{"level":"info","time":"2024-01-11T16:08:45.894913833Z","caller":"migration/migration.go:197","msg":"volume migration service initialized","TraceId":"6a12b41a-c43f-4a0a-8c51-2cbfd8fd7fd5"}
{"level":"info","time":"2024-01-11T16:08:45.895190184Z","caller":"kubernetes/dynamicInformers.go:70","msg":"Created new dynamic informer factory for \"\" namespace","TraceId":"6a12b41a-c43f-4a0a-8c51-2cbfd8fd7fd5"}
{"level":"info","time":"2024-01-11T16:08:45.895994704Z","caller":"kubernetes/kubernetes.go:86","msg":"k8s client using in-cluster config","TraceId":"6a12b41a-c43f-4a0a-8c51-2cbfd8fd7fd5"}
{"level":"info","time":"2024-01-11T16:08:45.896505892Z","caller":"kubernetes/kubernetes.go:395","msg":"Setting client QPS to 100.000000 and Burst to 100.","TraceId":"6a12b41a-c43f-4a0a-8c51-2cbfd8fd7fd5"}
{"level":"info","time":"2024-01-11T16:08:45.896705957Z","caller":"k8sorchestrator/topology.go:520","msg":"Informer to watch on csinodetopology CR starting..","TraceId":"6a12b41a-c43f-4a0a-8c51-2cbfd8fd7fd5"}
{"level":"info","time":"2024-01-11T16:08:45.897654802Z","caller":"config/config.go:404","msg":"No Net Permissions given in Config. Using default permissions.","TraceId":"6a12b41a-c43f-4a0a-8c51-2cbfd8fd7fd5"}
{"level":"info","time":"2024-01-11T16:08:45.898235228Z","caller":"config/config.go:404","msg":"No Net Permissions given in Config. Using default permissions.","TraceId":"6a12b41a-c43f-4a0a-8c51-2cbfd8fd7fd5"}
{"level":"info","time":"2024-01-11T16:08:45.898278472Z","caller":"k8sorchestrator/topology.go:250","msg":"Topology service initiated successfully","TraceId":"6a12b41a-c43f-4a0a-8c51-2cbfd8fd7fd5"}
{"level":"info","time":"2024-01-11T16:08:45.898581021Z","caller":"service/driver.go:109","msg":"Configured: \"csi.vsphere.vmware.com\" with clusterFlavor: \"VANILLA\" and mode: \"controller\"","TraceId":"1c2a21bd-595d-43e8-ba44-7cfb66e02b11","TraceId":"97403c95-0a0f-4fe5-b395-c81721e24750"}
{"level":"info","time":"2024-01-11T16:08:45.900319572Z","caller":"service/server.go:131","msg":"identity service registered"}
{"level":"info","time":"2024-01-11T16:08:45.900465529Z","caller":"service/server.go:140","msg":"controller service registered"}
{"level":"info","time":"2024-01-11T16:08:45.900489269Z","caller":"service/server.go:152","msg":"Listening for connections on address: /csi/csi.sock"}
{"level":"info","time":"2024-01-11T16:08:45.900570177Z","caller":"vanilla/controller.go:386","msg":"Starting the http server to expose Prometheus metrics..","TraceId":"6a12b41a-c43f-4a0a-8c51-2cbfd8fd7fd5"}
{"level":"info","time":"2024-01-11T16:08:45.901712523Z","caller":"k8sorchestrator/topology.go:237","msg":"Refreshing preferred datastores information...","TraceId":"8d271f33-17af-43aa-8e03-a06727eebf92"}
{"level":"info","time":"2024-01-11T16:08:45.902016833Z","caller":"config/config.go:404","msg":"No Net Permissions given in Config. Using default permissions.","TraceId":"8d271f33-17af-43aa-8e03-a06727eebf92"}
{"level":"info","time":"2024-01-11T16:08:45.902096051Z","caller":"vsphere/utils.go:265","msg":"Defaulting timeout for vCenter Client to 5 minutes","TraceId":"8d271f33-17af-43aa-8e03-a06727eebf92"}
{"level":"info","time":"2024-01-11T16:08:45.970928041Z","caller":"vanilla/controller.go:2718","msg":"ControllerGetCapabilities: called with args {XXX_NoUnkeyedLiteral:{} XXX_unrecognized:[] XXX_sizecache:0}","TraceId":"bc5135a2-8f9d-49d4-a39a-8d240537bc74"}
{"level":"info","time":"2024-01-11T16:08:46.145254426Z","caller":"vanilla/controller.go:2718","msg":"ControllerGetCapabilities: called with args {XXX_NoUnkeyedLiteral:{} XXX_unrecognized:[] XXX_sizecache:0}","TraceId":"a30e2734-8f67-4d46-aaa1-5f9be1e05841"}
{"level":"info","time":"2024-01-11T16:08:46.146850012Z","caller":"vanilla/controller.go:2718","msg":"ControllerGetCapabilities: called with args {XXX_NoUnkeyedLiteral:{} XXX_unrecognized:[] XXX_sizecache:0}","TraceId":"2d46078d-858b-4c62-a6e3-6ee7ba5667b5"}
{"level":"warn","time":"2024-01-11T16:08:46.220769359Z","caller":"common/topology.go:159","msg":"failed to retrieve tags for category \"cns.vmware.topology-preferred-datastores\" in vCenter \"192.168.169.181\". Reason: GET https://192.168.169.181:443/rest/com/vmware/cis/tagging/category/id:cns.vmware.topology-preferred-datastores: 404 Not Found","TraceId":"8d271f33-17af-43aa-8e03-a06727eebf92"}
{"level":"info","time":"2024-01-11T16:08:46.774443197Z","caller":"vanilla/controller.go:2718","msg":"ControllerGetCapabilities: called with args {XXX_NoUnkeyedLiteral:{} XXX_unrecognized:[] XXX_sizecache:0}","TraceId":"b8c60ffe-efb5-4c2f-bc85-9b5434cf136d"}
{"level":"info","time":"2024-01-11T16:08:46.882665862Z","caller":"vanilla/controller.go:2718","msg":"ControllerGetCapabilities: called with args {XXX_NoUnkeyedLiteral:{} XXX_unrecognized:[] XXX_sizecache:0}","TraceId":"111f3b0b-0be8-4d73-87c3-35dbe0535613"}
{"level":"info","time":"2024-01-11T16:13:45.825910402Z","caller":"common/authmanager.go:275","msg":"No vSAN datastores found for vCenter \"192.168.169.181\"","TraceId":"a8763a9b-387a-4719-af2e-ef292b47faa5"}
{"level":"info","time":"2024-01-11T16:13:45.826108496Z","caller":"common/authmanager.go:183","msg":"auth manager: newFsEnabledClusterToDsMap is updated to map[] for vCenter \"192.168.169.181\"","TraceId":"a8763a9b-387a-4719-af2e-ef292b47faa5"}
{"level":"info","time":"2024-01-11T16:13:45.835252671Z","caller":"common/authmanager.go:163","msg":"auth manager: datastoreMapForBlockVolumes is updated to map[ds:///vmfs/volumes/02af1182-7660f970/:Datastore: Datastore:datastore-5027, datastore URL: ds:///vmfs/volumes/02af1182-7660f970/ ds:///vmfs/volumes/203747f8-c8b69fd1/:Datastore: Datastore:datastore-9019, datastore URL: ds:///vmfs/volumes/203747f8-c8b69fd1/ ds:///vmfs/volumes/63a1710b-5d920bba-424b-31e949ff6613/:Datastore: Datastore:datastore-25, datastore URL: ds:///vmfs/volumes/63a1710b-5d920bba-424b-31e949ff6613/ ds:///vmfs/volumes/63ddad93-e5c71842-4448-31e949ff6613/:Datastore: Datastore:datastore-4012, datastore URL: ds:///vmfs/volumes/63ddad93-e5c71842-4448-31e949ff6613/] for vCenter \"192.168.169.181\"","TraceId":"9536e7dc-7c23-409a-8796-b3cc8c6ab794"}
{"level":"info","time":"2024-01-11T16:13:45.902302837Z","caller":"k8sorchestrator/topology.go:237","msg":"Refreshing preferred datastores information...","TraceId":"802c3baa-feec-4584-a3c1-f865cd7ed967"}
{"level":"info","time":"2024-01-11T16:13:45.902851763Z","caller":"config/config.go:404","msg":"No Net Permissions given in Config. Using default permissions.","TraceId":"802c3baa-feec-4584-a3c1-f865cd7ed967"}
{"level":"info","time":"2024-01-11T16:13:45.903026411Z","caller":"vsphere/utils.go:265","msg":"Defaulting timeout for vCenter Client to 5 minutes","TraceId":"802c3baa-feec-4584-a3c1-f865cd7ed967"}
{"level":"warn","time":"2024-01-11T16:13:46.263074421Z","caller":"common/topology.go:159","msg":"failed to retrieve tags for category \"cns.vmware.topology-preferred-datastores\" in vCenter \"192.168.169.181\". Reason: GET https://192.168.169.181:443/rest/com/vmware/cis/tagging/category/id:cns.vmware.topology-preferred-datastores: 404 Not Found","TraceId":"802c3baa-feec-4584-a3c1-f865cd7ed967"}
